info: Dec-31-2021 15:58:51: {
   "handle": "DeqodeShubhamKaushalya"
}
info: Dec-31-2021 15:58:52: {
   "ownerName": "Shubham Kaushalya",
   "repositories": [
      {
         "repoName": "Github-Searcher",
         "description": " To display a list of repos belonging to a particular GitHub handle, through APIs.",
         "starsCount": 2,
         "repoUrl": "https://github.com/DeqodeShubhamKaushalya/Github-Searcher"
      },
      {
         "repoName": "JS-Training",
         "description": null,
         "starsCount": 0,
         "repoUrl": "https://github.com/DeqodeShubhamKaushalya/JS-Training"
      },
      {
         "repoName": "Node.js-Training",
         "description": null,
         "starsCount": 0,
         "repoUrl": "https://github.com/DeqodeShubhamKaushalya/Node.js-Training"
      },
      {
         "repoName": "pypestream-chat-room",
         "description": "Real-time chat room application where different users can join the rooms and chat with each other.",
         "starsCount": 0,
         "repoUrl": "https://github.com/DeqodeShubhamKaushalya/pypestream-chat-room"
      },
      {
         "repoName": "Test-1-02-Nov-2021-",
         "description": "Node.js Test ",
         "starsCount": 0,
         "repoUrl": "https://github.com/DeqodeShubhamKaushalya/Test-1-02-Nov-2021-"
      }
   ]
}
info: Dec-31-2021 16:10:28: {
   "handle": "DeqodeShubhamKaushalya"
}
info: Dec-31-2021 16:10:29: {
   "ownerName": "Shubham Kaushalya",
   "repositories": [
      {
         "repoName": "Github-Searcher",
         "description": " To display a list of repos belonging to a particular GitHub handle, through APIs.",
         "starsCount": 2,
         "repoUrl": "https://github.com/DeqodeShubhamKaushalya/Github-Searcher"
      },
      {
         "repoName": "JS-Training",
         "description": null,
         "starsCount": 0,
         "repoUrl": "https://github.com/DeqodeShubhamKaushalya/JS-Training"
      },
      {
         "repoName": "Node.js-Training",
         "description": null,
         "starsCount": 0,
         "repoUrl": "https://github.com/DeqodeShubhamKaushalya/Node.js-Training"
      },
      {
         "repoName": "pypestream-chat-room",
         "description": "Real-time chat room application where different users can join the rooms and chat with each other.",
         "starsCount": 0,
         "repoUrl": "https://github.com/DeqodeShubhamKaushalya/pypestream-chat-room"
      },
      {
         "repoName": "Test-1-02-Nov-2021-",
         "description": "Node.js Test ",
         "starsCount": 0,
         "repoUrl": "https://github.com/DeqodeShubhamKaushalya/Test-1-02-Nov-2021-"
      }
   ]
}
info: Dec-31-2021 16:12:00: {
   "handle": "DeqodeShubhamKaushalya"
}
info: Dec-31-2021 16:12:01: {
   "ownerName": "Shubham Kaushalya",
   "repositories": [
      {
         "repoName": "Github-Searcher",
         "description": " To display a list of repos belonging to a particular GitHub handle, through APIs.",
         "starsCount": 2,
         "repoUrl": "https://github.com/DeqodeShubhamKaushalya/Github-Searcher"
      },
      {
         "repoName": "JS-Training",
         "description": null,
         "starsCount": 0,
         "repoUrl": "https://github.com/DeqodeShubhamKaushalya/JS-Training"
      },
      {
         "repoName": "Node.js-Training",
         "description": null,
         "starsCount": 0,
         "repoUrl": "https://github.com/DeqodeShubhamKaushalya/Node.js-Training"
      },
      {
         "repoName": "pypestream-chat-room",
         "description": "Real-time chat room application where different users can join the rooms and chat with each other.",
         "starsCount": 0,
         "repoUrl": "https://github.com/DeqodeShubhamKaushalya/pypestream-chat-room"
      },
      {
         "repoName": "Test-1-02-Nov-2021-",
         "description": "Node.js Test ",
         "starsCount": 0,
         "repoUrl": "https://github.com/DeqodeShubhamKaushalya/Test-1-02-Nov-2021-"
      }
   ]
}
info: Dec-31-2021 16:12:57: {
   "handle": "abhishek"
}
info: Dec-31-2021 16:12:58: {
   "ownerName": "Abhishek",
   "repositories": [
      {
         "repoName": "twitter4j",
         "description": "Twitter4J is an open-sourced, mavenized and Google App Engine safe Java library for the Twitter API which is released under the Apache License 2.0.",
         "starsCount": 0,
         "repoUrl": "https://github.com/abhishek/twitter4j"
      }
   ]
}
info: Dec-31-2021 16:15:29: {
   "handle": "abhishek"
}
info: Dec-31-2021 16:15:30: {
   "ownerName": "Abhishek",
   "repositories": [
      {
         "repoName": "twitter4j",
         "description": "Twitter4J is an open-sourced, mavenized and Google App Engine safe Java library for the Twitter API which is released under the Apache License 2.0.",
         "starsCount": 0,
         "repoUrl": "https://github.com/abhishek/twitter4j"
      }
   ]
}
