info: Dec-31-2021 16:01:46: {
   "handle": "shubham"
}
info: Dec-31-2021 16:01:46: {
   "userName": "shubham",
   "image": "https://avatars.githubusercontent.com/u/20564304?v=4",
   "imageUrl": "https://github.com/shubham",
   "followersCount": 4,
   "followingCount": 17,
   "repoCount": 12,
   "memberSince_date": "2016-07-20T18:34:22.000Z"
}
info: Dec-31-2021 16:12:04: {
   "handle": "shubham"
}
info: Dec-31-2021 16:12:04: {
   "userName": "shubham",
   "image": "https://avatars.githubusercontent.com/u/20564304?v=4",
   "imageUrl": "https://github.com/shubham",
   "followersCount": 4,
   "followingCount": 17,
   "repoCount": 12,
   "memberSince_date": "2016-07-20T18:34:22.000Z"
}
info: Dec-31-2021 16:12:13: {
   "handle": "shubham"
}
info: Dec-31-2021 16:12:13: {
   "userName": "shubham",
   "image": "https://avatars.githubusercontent.com/u/20564304?v=4",
   "imageUrl": "https://github.com/shubham",
   "followersCount": 4,
   "followingCount": 17,
   "repoCount": 12,
   "memberSince_date": "2016-07-20T18:34:22Z"
}
info: Dec-31-2021 16:12:27: {
   "handle": "abhishek"
}
info: Dec-31-2021 16:12:28: {
   "userName": "abhishek",
   "image": "https://avatars.githubusercontent.com/u/64582?v=4",
   "imageUrl": "https://github.com/abhishek",
   "followersCount": 9,
   "followingCount": 0,
   "repoCount": 1,
   "memberSince_date": "2009-03-18T13:18:26Z"
}
info: Dec-31-2021 16:15:37: {
   "handle": "ramkrishan"
}
info: Dec-31-2021 16:15:38: {
   "userName": "Ramkrishan",
   "image": "https://avatars.githubusercontent.com/u/1958399?v=4",
   "imageUrl": "https://github.com/Ramkrishan",
   "followersCount": 0,
   "followingCount": 0,
   "repoCount": 1,
   "memberSince_date": "2012-07-11T18:43:52Z"
}
info: Dec-31-2021 16:15:59: {
   "handle": "ramkrishan"
}
error: Dec-31-2021 16:15:59: E11000 duplicate key error collection: cambium.handlers index: user_name_1 dup key: { user_name: "Ramkrishan" }
info: Dec-31-2021 16:16:16: {
   "handle": "ramkrishan"
}
error: Dec-31-2021 16:16:16: E11000 duplicate key error collection: cambium.handlers index: user_name_1 dup key: { user_name: "Ramkrishan" }
info: Dec-31-2021 16:17:34: {
   "handle": "ramkrishan"
}
error: Dec-31-2021 16:17:34: E11000 duplicate key error collection: cambium.handlers index: user_name_1 dup key: { user_name: "Ramkrishan" }
info: Dec-31-2021 16:18:01: {
   "handle": "ramkrishan"
}
error: Dec-31-2021 16:18:02: E11000 duplicate key error collection: cambium.handlers index: user_name_1 dup key: { user_name: "Ramkrishan" }
info: Dec-31-2021 16:19:30: {
   "handle": "ramkrishan"
}
info: Dec-31-2021 16:19:30: {
   "userName": "Ramkrishan",
   "image": "https://avatars.githubusercontent.com/u/1958399?v=4",
   "imageUrl": "https://github.com/Ramkrishan",
   "followersCount": 0,
   "followingCount": 0,
   "repoCount": 1,
   "memberSince_date": "2012-07-11T18:43:52.000Z"
}
info: Dec-31-2021 16:19:56: {
   "handle": "ramkrishan"
}
info: Dec-31-2021 16:19:56: {
   "userName": "Ramkrishan",
   "image": "https://avatars.githubusercontent.com/u/1958399?v=4",
   "imageUrl": "https://github.com/Ramkrishan",
   "followersCount": 0,
   "followingCount": 0,
   "repoCount": 1,
   "memberSince_date": "2012-07-11T18:43:52.000Z"
}
info: Dec-31-2021 16:20:30: {
   "handle": "ramkrishan"
}
error: Dec-31-2021 16:20:30: E11000 duplicate key error collection: cambium.handlers index: user_name_1 dup key: { user_name: "Ramkrishan" }
info: Dec-31-2021 16:21:31: {
   "handle": "ramkrishan"
}
error: Dec-31-2021 16:21:32: E11000 duplicate key error collection: cambium.handlers index: user_name_1 dup key: { user_name: "Ramkrishan" }
info: Dec-31-2021 16:21:58: {
   "handle": "ramkrishan"
}
info: Dec-31-2021 16:21:59: {
   "userName": "Ramkrishan",
   "image": "https://avatars.githubusercontent.com/u/1958399?v=4",
   "imageUrl": "https://github.com/Ramkrishan",
   "followersCount": 0,
   "followingCount": 0,
   "repoCount": 1,
   "memberSince_date": "2012-07-11T18:43:52Z"
}
info: Dec-31-2021 16:22:29: {
   "handle": "ramkrishan"
}
error: Dec-31-2021 16:22:30: E11000 duplicate key error collection: cambium.handlers index: user_name_1 dup key: { user_name: "Ramkrishan" }
info: Dec-31-2021 16:23:12: {
   "handle": "ramkrishan"
}
info: Dec-31-2021 16:23:12: {
   "userName": "Ramkrishan",
   "image": "https://avatars.githubusercontent.com/u/1958399?v=4",
   "imageUrl": "https://github.com/Ramkrishan",
   "followersCount": 0,
   "followingCount": 0,
   "repoCount": 1,
   "memberSince_date": "2012-07-11T18:43:52Z"
}
info: Dec-31-2021 16:23:20: {
   "handle": "ramkrishan"
}
info: Dec-31-2021 16:23:20: {
   "userName": "Ramkrishan",
   "image": "https://avatars.githubusercontent.com/u/1958399?v=4",
   "imageUrl": "https://github.com/Ramkrishan",
   "followersCount": 0,
   "followingCount": 0,
   "repoCount": 1,
   "memberSince_date": "2012-07-11T18:43:52Z"
}
info: Dec-31-2021 16:26:57: {
   "handle": "ramkrishan"
}
info: Dec-31-2021 16:26:57: {
   "userName": "ramkrishan",
   "image": "https://avatars.githubusercontent.com/u/1958399?v=4",
   "imageUrl": "https://github.com/Ramkrishan",
   "followersCount": 0,
   "followingCount": 0,
   "repoCount": 1,
   "memberSince_date": "2012-07-11T18:43:52Z"
}
info: Dec-31-2021 16:27:59: {
   "handle": "ramkrishan"
}
info: Dec-31-2021 16:28:00: {
   "userName": "Ramkrishan",
   "image": "https://avatars.githubusercontent.com/u/1958399?v=4",
   "imageUrl": "https://github.com/Ramkrishan",
   "followersCount": 0,
   "followingCount": 0,
   "repoCount": 1,
   "memberSince_date": "2012-07-11T18:43:52Z"
}
info: Dec-31-2021 16:28:16: {
   "handle": "ramkrishan"
}
info: Dec-31-2021 16:28:16: {
   "userName": "ramkrishan",
   "image": "https://avatars.githubusercontent.com/u/1958399?v=4",
   "imageUrl": "https://github.com/Ramkrishan",
   "followersCount": 0,
   "followingCount": 0,
   "repoCount": 1,
   "memberSince_date": "2012-07-11T18:43:52.000Z"
}
info: Dec-31-2021 16:28:42: {
   "handle": "shubham"
}
info: Dec-31-2021 16:28:42: {
   "userName": "shubham",
   "image": "https://avatars.githubusercontent.com/u/20564304?v=4",
   "imageUrl": "https://github.com/shubham",
   "followersCount": 4,
   "followingCount": 17,
   "repoCount": 12,
   "memberSince_date": "2016-07-20T18:34:22Z"
}
info: Dec-31-2021 16:28:48: {
   "handle": "shubham"
}
info: Dec-31-2021 16:28:48: {
   "userName": "shubham",
   "image": "https://avatars.githubusercontent.com/u/20564304?v=4",
   "imageUrl": "https://github.com/shubham",
   "followersCount": 4,
   "followingCount": 17,
   "repoCount": 12,
   "memberSince_date": "2016-07-20T18:34:22.000Z"
}
info: Dec-31-2021 16:28:53: {
   "handle": "Shubham"
}
info: Dec-31-2021 16:28:53: {
   "userName": "shubham",
   "image": "https://avatars.githubusercontent.com/u/20564304?v=4",
   "imageUrl": "https://github.com/shubham",
   "followersCount": 4,
   "followingCount": 17,
   "repoCount": 12,
   "memberSince_date": "2016-07-20T18:34:22Z"
}
info: Dec-31-2021 16:31:16: {
   "handle": "Shubham"
}
info: Dec-31-2021 16:31:16: {
   "userName": "shubham",
   "image": "https://avatars.githubusercontent.com/u/20564304?v=4",
   "imageUrl": "https://github.com/shubham",
   "followersCount": 4,
   "followingCount": 17,
   "repoCount": 12,
   "memberSince_date": "2016-07-20T18:34:22Z"
}
info: Dec-31-2021 16:31:29: {
   "handle": "Shubham"
}
info: Dec-31-2021 16:31:29: {
   "userName": "shubham",
   "image": "https://avatars.githubusercontent.com/u/20564304?v=4",
   "imageUrl": "https://github.com/shubham",
   "followersCount": 4,
   "followingCount": 17,
   "repoCount": 12,
   "memberSince_date": "2016-07-20T18:34:22.000Z"
}
info: Dec-31-2021 16:31:29: {
   "handle": "Shubham"
}
info: Dec-31-2021 16:31:29: {
   "userName": "shubham",
   "image": "https://avatars.githubusercontent.com/u/20564304?v=4",
   "imageUrl": "https://github.com/shubham",
   "followersCount": 4,
   "followingCount": 17,
   "repoCount": 12,
   "memberSince_date": "2016-07-20T18:34:22.000Z"
}
info: Dec-31-2021 16:31:30: {
   "handle": "Shubham"
}
info: Dec-31-2021 16:31:30: {
   "userName": "shubham",
   "image": "https://avatars.githubusercontent.com/u/20564304?v=4",
   "imageUrl": "https://github.com/shubham",
   "followersCount": 4,
   "followingCount": 17,
   "repoCount": 12,
   "memberSince_date": "2016-07-20T18:34:22.000Z"
}
info: Dec-31-2021 16:31:30: {
   "handle": "Shubham"
}
info: Dec-31-2021 16:31:30: {
   "userName": "shubham",
   "image": "https://avatars.githubusercontent.com/u/20564304?v=4",
   "imageUrl": "https://github.com/shubham",
   "followersCount": 4,
   "followingCount": 17,
   "repoCount": 12,
   "memberSince_date": "2016-07-20T18:34:22.000Z"
}
info: Dec-31-2021 16:32:26: {
   "handle": "Shubham"
}
info: Dec-31-2021 16:32:26: {
   "userName": "shubham",
   "image": "https://avatars.githubusercontent.com/u/20564304?v=4",
   "imageUrl": "https://github.com/shubham",
   "followersCount": 4,
   "followingCount": 17,
   "repoCount": 12,
   "memberSince_date": "2016-07-20T18:34:22.000Z"
}
info: Dec-31-2021 16:32:37: {
   "handle": "ramkrishan"
}
info: Dec-31-2021 16:32:37: {
   "userName": "Ramkrishan",
   "image": "https://avatars.githubusercontent.com/u/1958399?v=4",
   "imageUrl": "https://github.com/Ramkrishan",
   "followersCount": 0,
   "followingCount": 0,
   "repoCount": 1,
   "memberSince_date": "2012-07-11T18:43:52Z"
}
info: Dec-31-2021 16:32:44: {
   "handle": "ramkrishan"
}
info: Dec-31-2021 16:32:44: {
   "userName": "ramkrishan",
   "image": "https://avatars.githubusercontent.com/u/1958399?v=4",
   "imageUrl": "https://github.com/Ramkrishan",
   "followersCount": 0,
   "followingCount": 0,
   "repoCount": 1,
   "memberSince_date": "2012-07-11T18:43:52.000Z"
}
info: Dec-31-2021 16:32:45: {
   "handle": "ramkrishan"
}
info: Dec-31-2021 16:32:46: {
   "userName": "ramkrishan",
   "image": "https://avatars.githubusercontent.com/u/1958399?v=4",
   "imageUrl": "https://github.com/Ramkrishan",
   "followersCount": 0,
   "followingCount": 0,
   "repoCount": 1,
   "memberSince_date": "2012-07-11T18:43:52.000Z"
}
info: Dec-31-2021 16:32:46: {
   "handle": "ramkrishan"
}
info: Dec-31-2021 16:32:46: {
   "userName": "ramkrishan",
   "image": "https://avatars.githubusercontent.com/u/1958399?v=4",
   "imageUrl": "https://github.com/Ramkrishan",
   "followersCount": 0,
   "followingCount": 0,
   "repoCount": 1,
   "memberSince_date": "2012-07-11T18:43:52.000Z"
}
info: Dec-31-2021 16:32:47: {
   "handle": "ramkrishan"
}
info: Dec-31-2021 16:32:47: {
   "userName": "ramkrishan",
   "image": "https://avatars.githubusercontent.com/u/1958399?v=4",
   "imageUrl": "https://github.com/Ramkrishan",
   "followersCount": 0,
   "followingCount": 0,
   "repoCount": 1,
   "memberSince_date": "2012-07-11T18:43:52.000Z"
}
info: Dec-31-2021 16:32:47: {
   "handle": "ramkrishan"
}
info: Dec-31-2021 16:32:47: {
   "userName": "ramkrishan",
   "image": "https://avatars.githubusercontent.com/u/1958399?v=4",
   "imageUrl": "https://github.com/Ramkrishan",
   "followersCount": 0,
   "followingCount": 0,
   "repoCount": 1,
   "memberSince_date": "2012-07-11T18:43:52.000Z"
}
